<?xml version="1.0" encoding="UTF-8"?>
<robot generator="Robot 3.2.2 (Python 3.9.2 on win32)" generated="20210309 17:16:13.960" rpa="false">
<suite id="s1" name="Player" source="C:\Users\babfio\github-repositorios\robot-framework-week\parodify\tests\player.robot">
<test id="s1-t1" name="Reproduzir paródia Bug de Manhã">
<kw name="Open Login Page" library="login">
<kw name="Open Browser" library="Browser">
<tags>
<tag>BrowserControl</tag>
<tag>Setter</tag>
</tags>
<doc>Opens a new browser instance. Use this keyword for quick experiments or debugging sessions.
Use `New Page` directly instead of `Open Browser` for production and automated execution.
See `Browser, Context and Page` for more information about Browser and related concepts.</doc>
<arguments>
<arg>https://parodify.herokuapp.com/users/sign_in</arg>
<arg>chromium</arg>
</arguments>
<msg timestamp="20210309 17:16:15.412" level="WARN">Open Browser is for quick experimentation and debugging only. Use New Page for production.</msg>
<msg timestamp="20210309 17:16:15.418" level="INFO">{"browser": "chromium", "headless": false, "handleSIGINT": true, "handleSIGTERM": true, "handleSIGHUP": true, "timeout": 30000.0, "devtools": false, "slowMo": 0.0}</msg>
<msg timestamp="20210309 17:16:16.128" level="INFO">Successfully created browser with options: {"browser":"chromium","headless":false,"handleSIGINT":true,"handleSIGTERM":true,"handleSIGHUP":true,"timeout":30000,"devtools":false,"slowMo":0}</msg>
<msg timestamp="20210309 17:16:16.129" level="INFO">{"acceptDownloads": false, "ignoreHTTPSErrors": false, "bypassCSP": false, "deviceScaleFactor": 1.0, "isMobile": false, "hasTouch": false, "javaScriptEnabled": true, "offline": false, "hideRfBrowser": false}</msg>
<msg timestamp="20210309 17:16:16.289" level="INFO">Successfully created context with options: {"acceptDownloads":false,"ignoreHTTPSErrors":false,"bypassCSP":false,"deviceScaleFactor":1,"isMobile":false,"hasTouch":false,"javaScriptEnabled":true,"offline":false,"hideRfBrowser":false}</msg>
<msg timestamp="20210309 17:16:19.503" level="INFO">Successfully initialized new page object and opened url: https://parodify.herokuapp.com/users/sign_in</msg>
<status status="PASS" starttime="20210309 17:16:15.411" endtime="20210309 17:16:19.504"></status>
</kw>
<status status="PASS" starttime="20210309 17:16:15.411" endtime="20210309 17:16:19.504"></status>
</kw>
<kw name="Login With" library="login">
<arguments>
<arg>papito@parodify.com</arg>
<arg>pwd123</arg>
</arguments>
<kw name="Fill Text" library="Browser">
<tags>
<tag>PageContent</tag>
<tag>Setter</tag>
</tags>
<doc>Clears and fills the given ``text`` into the text field found by ``selector``.</doc>
<arguments>
<arg>id=user_email</arg>
<arg>${email_arg}</arg>
</arguments>
<msg timestamp="20210309 17:16:19.505" level="INFO">Fills the text 'papito@parodify.com' in the given field.</msg>
<status status="PASS" starttime="20210309 17:16:19.505" endtime="20210309 17:16:19.588"></status>
</kw>
<kw name="Fill Text" library="Browser">
<tags>
<tag>PageContent</tag>
<tag>Setter</tag>
</tags>
<doc>Clears and fills the given ``text`` into the text field found by ``selector``.</doc>
<arguments>
<arg>css=#user_password</arg>
<arg>${pass_arg}</arg>
</arguments>
<msg timestamp="20210309 17:16:19.588" level="INFO">Fills the text 'pwd123' in the given field.</msg>
<status status="PASS" starttime="20210309 17:16:19.588" endtime="20210309 17:16:19.612"></status>
</kw>
<kw name="Click" library="Browser">
<tags>
<tag>PageContent</tag>
<tag>Setter</tag>
</tags>
<doc>Simulates mouse click on the element found by ``selector``.</doc>
<arguments>
<arg>css=input[value="Log in"]</arg>
</arguments>
<status status="PASS" starttime="20210309 17:16:19.613" endtime="20210309 17:16:20.377"></status>
</kw>
<status status="PASS" starttime="20210309 17:16:19.504" endtime="20210309 17:16:20.377"></status>
</kw>
<kw name="Logout Link Should Be Visible" library="home_logged">
<kw name="Wait For Elements State" library="Browser">
<tags>
<tag>PageContent</tag>
<tag>Wait</tag>
</tags>
<doc>Waits for the element found by ``selector`` to satisfy state option.</doc>
<arguments>
<arg>css=a[href$=sign_out]</arg>
<arg>visible</arg>
<arg>10</arg>
</arguments>
<msg timestamp="20210309 17:16:20.659" level="INFO">Wait for Element with selector: css=a[href$=sign_out]</msg>
<status status="PASS" starttime="20210309 17:16:20.395" endtime="20210309 17:16:20.660"></status>
</kw>
<status status="PASS" starttime="20210309 17:16:20.395" endtime="20210309 17:16:20.661"></status>
</kw>
<kw name="Click" library="Browser">
<tags>
<tag>PageContent</tag>
<tag>Setter</tag>
</tags>
<doc>Simulates mouse click on the element found by ``selector``.</doc>
<arguments>
<arg>css=a[href*=search]</arg>
</arguments>
<status status="PASS" starttime="20210309 17:16:20.661" endtime="20210309 17:16:20.706"></status>
</kw>
<kw name="Wait For Elements State" library="Browser">
<tags>
<tag>PageContent</tag>
<tag>Wait</tag>
</tags>
<doc>Waits for the element found by ``selector`` to satisfy state option.</doc>
<arguments>
<arg>xpath=//h2[contains(text(), "Buscar")]</arg>
<arg>visible</arg>
<arg>10</arg>
</arguments>
<msg timestamp="20210309 17:16:21.353" level="INFO">Wait for Element with selector: xpath=//h2[contains(text(), "Buscar")]</msg>
<status status="PASS" starttime="20210309 17:16:20.707" endtime="20210309 17:16:21.354"></status>
</kw>
<kw name="Click" library="Browser">
<tags>
<tag>PageContent</tag>
<tag>Setter</tag>
</tags>
<doc>Simulates mouse click on the element found by ``selector``.</doc>
<arguments>
<arg>xpath=//img[contains(@src, "sertanejo.png")]/..</arg>
</arguments>
<status status="PASS" starttime="20210309 17:16:21.357" endtime="20210309 17:16:21.826"></status>
</kw>
<kw name="Wait For Elements State" library="Browser">
<tags>
<tag>PageContent</tag>
<tag>Wait</tag>
</tags>
<doc>Waits for the element found by ``selector`` to satisfy state option.</doc>
<arguments>
<arg>xpath=//h2[contains(text(), "Sertanejo")]</arg>
<arg>visible</arg>
<arg>10</arg>
</arguments>
<msg timestamp="20210309 17:16:22.486" level="INFO">Wait for Element with selector: xpath=//h2[contains(text(), "Sertanejo")]</msg>
<status status="PASS" starttime="20210309 17:16:21.829" endtime="20210309 17:16:22.487"></status>
</kw>
<kw name="Click" library="Browser">
<tags>
<tag>PageContent</tag>
<tag>Setter</tag>
</tags>
<doc>Simulates mouse click on the element found by ``selector``.</doc>
<arguments>
<arg>xpath=//p[contains(text(), "Marcus e Debug")]/..</arg>
</arguments>
<status status="PASS" starttime="20210309 17:16:22.488" endtime="20210309 17:16:22.563"></status>
</kw>
<kw name="Wait For Elements State" library="Browser">
<tags>
<tag>PageContent</tag>
<tag>Wait</tag>
</tags>
<doc>Waits for the element found by ``selector`` to satisfy state option.</doc>
<arguments>
<arg>xpath=//h2[contains(text(), "Músicas")]</arg>
<arg>visible</arg>
<arg>10</arg>
</arguments>
<msg timestamp="20210309 17:16:23.372" level="INFO">Wait for Element with selector: xpath=//h2[contains(text(), "Músicas")]</msg>
<status status="PASS" starttime="20210309 17:16:22.571" endtime="20210309 17:16:23.372"></status>
</kw>
<kw name="Click" library="Browser">
<tags>
<tag>PageContent</tag>
<tag>Setter</tag>
</tags>
<doc>Simulates mouse click on the element found by ``selector``.</doc>
<arguments>
<arg>xpath=//h2[contains(text(), "Bug de Manhã")]/../..//div[contains(@class, "play")]//a</arg>
</arguments>
<status status="PASS" starttime="20210309 17:16:23.373" endtime="20210309 17:16:23.438"></status>
</kw>
<kw name="Get Style" library="Browser">
<tags>
<tag>Assertion</tag>
<tag>Getter</tag>
<tag>PageContent</tag>
</tags>
<doc>Gets the computed style properties of the element selected by ``selector``.</doc>
<arguments>
<arg>xpath=//h2[contains(text(), "Bug de Manhã")]/../../..</arg>
<arg>color</arg>
<arg>equal</arg>
<arg>rgb(225, 0, 180)</arg>
</arguments>
<msg timestamp="20210309 17:16:23.475" level="INFO">Value of key: color</msg>
<msg timestamp="20210309 17:16:23.476" level="INFO">Value of selected property: rgb(225, 0, 180)</msg>
<status status="PASS" starttime="20210309 17:16:23.452" endtime="20210309 17:16:23.476"></status>
</kw>
<kw name="Take Screenshot" library="Browser" type="teardown">
<tags>
<tag>PageContent</tag>
</tags>
<doc>Takes a screenshot of the current window and saves it to ``path``. Saves it as a png.</doc>
<msg timestamp="20210309 17:16:23.807" level="INFO" html="yes">&lt;/td&gt;&lt;/tr&gt;&lt;tr&gt;&lt;td colspan="3"&gt;&lt;a href="browser/screenshot/robotframework-browser-screenshot-7.png"&gt;&lt;img src="browser/screenshot/robotframework-browser-screenshot-7.png" width="800px"&gt;&lt;/a&gt;</msg>
<status status="PASS" starttime="20210309 17:16:23.476" endtime="20210309 17:16:23.807"></status>
</kw>
<status status="PASS" starttime="20210309 17:16:15.405" endtime="20210309 17:16:23.808" critical="yes"></status>
</test>
<doc>Testando o player de paródias</doc>
<status status="PASS" starttime="20210309 17:16:13.963" endtime="20210309 17:16:23.933"></status>
</suite>
<statistics>
<total>
<stat pass="1" fail="0">Critical Tests</stat>
<stat pass="1" fail="0">All Tests</stat>
</total>
<tag>
</tag>
<suite>
<stat pass="1" fail="0" id="s1" name="Player">Player</stat>
</suite>
</statistics>
<errors>
<msg timestamp="20210309 17:16:15.412" level="WARN">Open Browser is for quick experimentation and debugging only. Use New Page for production.</msg>
</errors>
</robot>
